<?xml version="1.0" encoding="UTF-8"?>
<!-- Generated by org.testng.reporters.JUnitReportReporter -->
<testsuite hostname="DESKTOP-MD06342" failures="0" tests="1" name="testCases.TestCases" time="20.265" errors="0" timestamp="2024-11-15T21:36:40 IST" skipped="0">
  <testcase classname="testCases.TestCases" name="registerUser" time="20.265"/>
</testsuite> <!-- testCases.TestCases -->
