<?xml version="1.0" encoding="UTF-8"?>
<!-- Generated by org.testng.reporters.JUnitReportReporter -->
<testsuite hostname="DESKTOP-MD06342" failures="0" tests="2" name="testCases.windowhandle" time="87.697" errors="0" timestamp="2025-03-11T21:10:52 IST" skipped="0">
  <testcase classname="testCases.windowhandle" name="handle" time="9.259"/>
  <testcase classname="testCases.windowhandle" name="handles" time="78.438"/>
</testsuite> <!-- testCases.windowhandle -->
