<?xml version="1.0" encoding="UTF-8"?>
<!-- Generated by org.testng.reporters.JUnitReportReporter -->
<testsuite hostname="DESKTOP-MD06342" failures="0" tests="1" name="testCases.question3" time="26.211" errors="0" timestamp="2025-02-25T19:45:59 IST" skipped="0">
  <testcase classname="testCases.question3" name="testcase" time="26.211"/>
</testsuite> <!-- testCases.question3 -->
