<?xml version="1.0" encoding="UTF-8"?>
<!-- Generated by org.testng.reporters.JUnitReportReporter -->
<testsuite hostname="DESKTOP-MD06342" failures="0" tests="1" name="testCases.TestCases" time="41.880" errors="0" timestamp="2025-01-20T19:17:22 IST" skipped="0">
  <testcase classname="testCases.TestCases" name="registerUser" time="41.880"/>
</testsuite> <!-- testCases.TestCases -->
