<?xml version="1.0" encoding="UTF-8"?>
<!-- Generated by org.testng.reporters.JUnitReportReporter -->
<testsuite hostname="DESKTOP-MD06342" failures="0" tests="2" name="testCases.scenerio2to5" time="51.498" errors="0" timestamp="2025-01-30T21:25:33 IST" skipped="1">
  <testcase classname="testCases.scenerio2to5" name="scenerio3" time="51.498"/>
  <testcase classname="testCases.scenerio2to5" name="testscenerio2">
    <skipped/>
  </testcase> <!-- testscenerio2 -->
</testsuite> <!-- testCases.scenerio2to5 -->
