<?xml version="1.0" encoding="UTF-8"?>
<!-- Generated by org.testng.reporters.JUnitReportReporter -->
<testsuite hostname="DESKTOP-MD06342" failures="0" tests="2" name="testCases.march10" time="29.557" errors="0" timestamp="2025-03-11T19:17:41 IST" skipped="0">
  <testcase classname="testCases.march10" name="parallel1" time="12.832"/>
  <testcase classname="testCases.march10" name="parallel2" time="16.725"/>
</testsuite> <!-- testCases.march10 -->
