<?xml version="1.0" encoding="UTF-8"?>
<!-- Generated by org.testng.reporters.JUnitReportReporter -->
<testsuite hostname="DESKTOP-MD06342" failures="0" tests="1" name="testCases.scenerio2to5" time="23.847" errors="0" timestamp="2025-01-28T22:11:55 IST" skipped="0">
  <testcase classname="testCases.scenerio2to5" name="testscenerio2" time="23.847"/>
</testsuite> <!-- testCases.scenerio2to5 -->
