<?xml version="1.0" encoding="UTF-8"?>
<!-- Generated by org.testng.reporters.JUnitReportReporter -->
<testsuite hostname="DESKTOP-MD06342" failures="0" tests="1" name="testCases.question1" time="18.718" errors="0" timestamp="2025-02-15T11:38:58 IST" skipped="0">
  <testcase classname="testCases.question1" name="question1" time="18.718"/>
</testsuite> <!-- testCases.question1 -->
