<?xml version="1.0" encoding="UTF-8"?>
<!-- Generated by org.testng.reporters.JUnitReportReporter -->
<testsuite hostname="DESKTOP-MD06342" failures="0" tests="1" name="testCases.TestCases" time="26.899" errors="0" timestamp="2024-11-17T14:47:24 IST" skipped="0">
  <testcase classname="testCases.TestCases" name="registerUser" time="26.899"/>
</testsuite> <!-- testCases.TestCases -->
