<?xml version="1.0" encoding="UTF-8"?>
<!-- Generated by org.testng.reporters.JUnitReportReporter -->
<testsuite hostname="DESKTOP-MD06342" failures="0" tests="1" name="testCases.TestCases" time="6.796" errors="0" timestamp="2024-11-15T18:01:15 IST" skipped="0">
  <testcase classname="testCases.TestCases" name="registerUser" time="6.796"/>
</testsuite> <!-- testCases.TestCases -->
